<?xml version="1.0" encoding="UTF-8" standalone="yes"?><!DOCTYPE report PUBLIC "-//JACOCO//DTD Report 1.1//EN" "report.dtd"><report name="Jacoco Coverage Report"><sessioninfo id="DESKTOP-EP7IGDM-4a785db" start="1604408565249" dump="1604408565443"/><sessioninfo id="DESKTOP-EP7IGDM-25a56733" start="1604472198089" dump="1604472198369"/><sessioninfo id="DESKTOP-EP7IGDM-18fec97f" start="1604473759114" dump="1604473759283"/><sessioninfo id="DESKTOP-EP7IGDM-75886e66" start="1604473883794" dump="1604473884021"/><sessioninfo id="DESKTOP-EP7IGDM-125c85f8" start="1604482595286" dump="1604482595519"/><sessioninfo id="DESKTOP-EP7IGDM-6ffe0048" start="1604482644041" dump="1604482644283"/><sessioninfo id="DESKTOP-EP7IGDM-a9559983" start="1604483626007" dump="1604483626245"/><sessioninfo id="DESKTOP-EP7IGDM-70f30ab3" start="1604483800907" dump="1604483801141"/><sessioninfo id="DESKTOP-EP7IGDM-1125e732" start="1604483985450" dump="1604483985727"/><sessioninfo id="DESKTOP-EP7IGDM-b6da7e4c" start="1604484653042" dump="1604484653271"/><sessioninfo id="DESKTOP-EP7IGDM-aec3ca44" start="1604484872105" dump="1604484872335"/><sessioninfo id="DESKTOP-EP7IGDM-f73d7483" start="1604485150737" dump="1604485150968"/><sessioninfo id="DESKTOP-EP7IGDM-24eb8693" start="1604485335371" dump="1604485335609"/><sessioninfo id="DESKTOP-EP7IGDM-8ba4c0c3" start="1604485425671" dump="1604485425889"/><sessioninfo id="DESKTOP-EP7IGDM-a6e8269d" start="1604485528240" dump="1604485528502"/><sessioninfo id="DESKTOP-EP7IGDM-1e4d7928" start="1604485978016" dump="1604485978245"/><sessioninfo id="DESKTOP-EP7IGDM-50b38c86" start="1604486076713" dump="1604486076941"/><sessioninfo id="DESKTOP-EP7IGDM-33ee7bf7" start="1604487840637" dump="1604487840871"/><sessioninfo id="DESKTOP-EP7IGDM-a54c077e" start="1604535547281" dump="1604535547495"/><sessioninfo id="DESKTOP-EP7IGDM-e9d0486d" start="1604535616831" dump="1604535617014"/><sessioninfo id="DESKTOP-EP7IGDM-d1d6bee" start="1604535627491" dump="1604535627683"/><sessioninfo id="DESKTOP-EP7IGDM-a156732b" start="1604535739502" dump="1604535739687"/><sessioninfo id="DESKTOP-EP7IGDM-97a97a38" start="1604536170719" dump="1604536171028"/><sessioninfo id="DESKTOP-EP7IGDM-621a0925" start="1604536302473" dump="1604536302718"/><sessioninfo id="DESKTOP-EP7IGDM-632bd1af" start="1604536359855" dump="1604536360147"/><sessioninfo id="DESKTOP-EP7IGDM-e8feb29a" start="1604536457447" dump="1604536457727"/><sessioninfo id="DESKTOP-EP7IGDM-726183b1" start="1604536864609" dump="1604536864790"/><sessioninfo id="DESKTOP-EP7IGDM-3696d603" start="1604537062291" dump="1604537062612"/><sessioninfo id="DESKTOP-EP7IGDM-ac359818" start="1604537097442" dump="1604537097776"/><sessioninfo id="DESKTOP-EP7IGDM-7951c10e" start="1604537898561" dump="1604537898879"/><sessioninfo id="DESKTOP-EP7IGDM-423bc9b1" start="1604537947914" dump="1604537948185"/><sessioninfo id="DESKTOP-EP7IGDM-381b791c" start="1604562619973" dump="1604562620274"/><sessioninfo id="DESKTOP-EP7IGDM-47b21b3b" start="1604562663385" dump="1604562663645"/><sessioninfo id="DESKTOP-EP7IGDM-978beb56" start="1604562693660" dump="1604562693928"/><sessioninfo id="DESKTOP-EP7IGDM-31c4d117" start="1604562764848" dump="1604562765118"/><sessioninfo id="DESKTOP-EP7IGDM-df6a5563" start="1604562863526" dump="1604562863792"/><sessioninfo id="DESKTOP-EP7IGDM-df7fd853" start="1604562902396" dump="1604562902678"/><sessioninfo id="DESKTOP-EP7IGDM-a91b4c9b" start="1604562947340" dump="1604562947603"/><sessioninfo id="DESKTOP-EP7IGDM-26c3878c" start="1604563049117" dump="1604563049395"/><sessioninfo id="DESKTOP-EP7IGDM-515521d1" start="1604569582339" dump="1604569582688"/><package name=""><class name="FractionTest"><method name="&lt;init&gt;" desc="()V"><counter type="INSTRUCTION" missed="0" covered="17"/><counter type="COMPLEXITY" missed="0" covered="1"/><counter type="METHOD" missed="0" covered="1"/></method><method name="accessors" desc="()V"><counter type="INSTRUCTION" missed="0" covered="25"/><counter type="COMPLEXITY" missed="0" covered="1"/><counter type="METHOD" missed="0" covered="1"/></method><method name="mutators" desc="()V"><counter type="INSTRUCTION" missed="0" covered="41"/><counter type="COMPLEXITY" missed="0" covered="1"/><counter type="METHOD" missed="0" covered="1"/></method><method name="convertFraction" desc="()V"><counter type="INSTRUCTION" missed="0" covered="13"/><counter type="COMPLEXITY" missed="0" covered="1"/><counter type="METHOD" missed="0" covered="1"/></method><method name="reduce" desc="()V"><counter type="INSTRUCTION" missed="0" covered="17"/><counter type="COMPLEXITY" missed="0" covered="1"/><counter type="METHOD" missed="0" covered="1"/></method><method name="add" desc="()V"><counter type="INSTRUCTION" missed="0" covered="33"/><counter type="COMPLEXITY" missed="0" covered="1"/><counter type="METHOD" missed="0" covered="1"/></method><method name="subtract" desc="()V"><counter type="INSTRUCTION" missed="0" covered="33"/><counter type="COMPLEXITY" missed="0" covered="1"/><counter type="METHOD" missed="0" covered="1"/></method><method name="multiply" desc="()V"><counter type="INSTRUCTION" missed="0" covered="33"/><counter type="COMPLEXITY" missed="0" covered="1"/><counter type="METHOD" missed="0" covered="1"/></method><method name="divide" desc="()V"><counter type="INSTRUCTION" missed="0" covered="33"/><counter type="COMPLEXITY" missed="0" covered="1"/><counter type="METHOD" missed="0" covered="1"/></method><counter type="INSTRUCTION" missed="0" covered="245"/><counter type="COMPLEXITY" missed="0" covered="9"/><counter type="METHOD" missed="0" covered="9"/><counter type="CLASS" missed="0" covered="1"/></class><counter type="INSTRUCTION" missed="0" covered="245"/><counter type="COMPLEXITY" missed="0" covered="9"/><counter type="METHOD" missed="0" covered="9"/><counter type="CLASS" missed="0" covered="1"/></package><package name="classes"><class name="classes/Fraction"><method name="&lt;init&gt;" desc="()V"><counter type="INSTRUCTION" missed="0" covered="9"/><counter type="COMPLEXITY" missed="0" covered="1"/><counter type="METHOD" missed="0" covered="1"/></method><method name="&lt;init&gt;" desc="(I)V"><counter type="INSTRUCTION" missed="9" covered="0"/><counter type="COMPLEXITY" missed="1" covered="0"/><counter type="METHOD" missed="1" covered="0"/></method><method name="&lt;init&gt;" desc="(II)V"><counter type="INSTRUCTION" missed="0" covered="9"/><counter type="COMPLEXITY" missed="0" covered="1"/><counter type="METHOD" missed="0" covered="1"/></method><method name="setNumerator" desc="(I)V"><counter type="INSTRUCTION" missed="0" covered="4"/><counter type="COMPLEXITY" missed="0" covered="1"/><counter type="METHOD" missed="0" covered="1"/></method><method name="getNumerator" desc="()I"><counter type="INSTRUCTION" missed="0" covered="3"/><counter type="COMPLEXITY" missed="0" covered="1"/><counter type="METHOD" missed="0" covered="1"/></method><method name="setDenominator" desc="(I)V"><counter type="INSTRUCTION" missed="0" covered="4"/><counter type="COMPLEXITY" missed="0" covered="1"/><counter type="METHOD" missed="0" covered="1"/></method><method name="getDenominator" desc="()I"><counter type="INSTRUCTION" missed="0" covered="3"/><counter type="COMPLEXITY" missed="0" covered="1"/><counter type="METHOD" missed="0" covered="1"/></method><method name="toString" desc="()Ljava/lang/String;"><counter type="INSTRUCTION" missed="0" covered="18"/><counter type="BRANCH" missed="0" covered="2"/><counter type="COMPLEXITY" missed="0" covered="2"/><counter type="METHOD" missed="0" covered="1"/></method><method name="toDouble" desc="()D"><counter type="INSTRUCTION" missed="8" covered="0"/><counter type="COMPLEXITY" missed="1" covered="0"/><counter type="METHOD" missed="1" covered="0"/></method><method name="toMixedFraction" desc="()Lclasses/MixedFraction;"><counter type="INSTRUCTION" missed="0" covered="18"/><counter type="COMPLEXITY" missed="0" covered="1"/><counter type="METHOD" missed="0" covered="1"/></method><method name="add" desc="(Lclasses/Fraction;)Lclasses/Fraction;"><counter type="INSTRUCTION" missed="0" covered="36"/><counter type="COMPLEXITY" missed="0" covered="1"/><counter type="METHOD" missed="0" covered="1"/></method><method name="subtract" desc="(Lclasses/Fraction;)Lclasses/Fraction;"><counter type="INSTRUCTION" missed="0" covered="36"/><counter type="COMPLEXITY" missed="0" covered="1"/><counter type="METHOD" missed="0" covered="1"/></method><method name="multiplyBy" desc="(Lclasses/Fraction;)Lclasses/Fraction;"><counter type="INSTRUCTION" missed="0" covered="22"/><counter type="COMPLEXITY" missed="0" covered="1"/><counter type="METHOD" missed="0" covered="1"/></method><method name="divideBy" desc="(Lclasses/Fraction;)Lclasses/Fraction;"><counter type="INSTRUCTION" missed="0" covered="22"/><counter type="COMPLEXITY" missed="0" covered="1"/><counter type="METHOD" missed="0" covered="1"/></method><method name="reduce" desc="()V"><counter type="INSTRUCTION" missed="0" covered="24"/><counter type="COMPLEXITY" missed="0" covered="1"/><counter type="METHOD" missed="0" covered="1"/></method><method name="computeGCD" desc="(II)I"><counter type="INSTRUCTION" missed="0" covered="11"/><counter type="BRANCH" missed="0" covered="2"/><counter type="COMPLEXITY" missed="0" covered="2"/><counter type="METHOD" missed="0" covered="1"/></method><method name="read" desc="(Ljava/lang/String;)V"><counter type="INSTRUCTION" missed="55" covered="0"/><counter type="BRANCH" missed="10" covered="0"/><counter type="COMPLEXITY" missed="6" covered="0"/><counter type="METHOD" missed="1" covered="0"/></method><counter type="INSTRUCTION" missed="72" covered="219"/><counter type="BRANCH" missed="10" covered="4"/><counter type="COMPLEXITY" missed="8" covered="16"/><counter type="METHOD" missed="3" covered="14"/><counter type="CLASS" missed="0" covered="1"/></class><counter type="INSTRUCTION" missed="72" covered="219"/><counter type="BRANCH" missed="10" covered="4"/><counter type="COMPLEXITY" missed="8" covered="16"/><counter type="METHOD" missed="3" covered="14"/><counter type="CLASS" missed="0" covered="1"/></package><counter type="INSTRUCTION" missed="72" covered="464"/><counter type="BRANCH" missed="10" covered="4"/><counter type="COMPLEXITY" missed="8" covered="25"/><counter type="METHOD" missed="3" covered="23"/><counter type="CLASS" missed="0" covered="2"/></report>